

############################
Wed Sep  6 10:19:16 EDT 2017
/ysm-gpfs/home/cm953/project/chrc/qa
/ysm-gpfs/home/cm953/freesurfer/tktools/tksurfer.bin 600001103037 lh pial 
############################


############################
Wed Sep  6 10:19:26 EDT 2017
/ysm-gpfs/home/cm953/project/chrc/qa
/ysm-gpfs/home/cm953/freesurfer/tktools/tksurfer.bin 600001103037 rh pial 
############################


############################
Wed Sep  6 10:19:35 EDT 2017
/ysm-gpfs/home/cm953/project/chrc/qa
/ysm-gpfs/home/cm953/freesurfer/tktools/tksurfer.bin 600009963128 lh pial 
############################


############################
Wed Sep  6 10:19:45 EDT 2017
/ysm-gpfs/home/cm953/project/chrc/qa
/ysm-gpfs/home/cm953/freesurfer/tktools/tksurfer.bin 600009963128 rh pial 
############################


############################
Wed Sep  6 10:19:56 EDT 2017
/ysm-gpfs/home/cm953/project/chrc/qa
/ysm-gpfs/home/cm953/freesurfer/tktools/tksurfer.bin 600018902293 lh pial 
############################


############################
Wed Sep  6 10:20:14 EDT 2017
/ysm-gpfs/home/cm953/project/chrc/qa
/ysm-gpfs/home/cm953/freesurfer/tktools/tksurfer.bin 600018902293 rh pial 
############################


############################
Wed Sep  6 10:20:24 EDT 2017
/ysm-gpfs/home/cm953/project/chrc/qa
/ysm-gpfs/home/cm953/freesurfer/tktools/tksurfer.bin 600020364885 lh pial 
############################


############################
Wed Sep  6 10:20:25 EDT 2017
/ysm-gpfs/home/cm953/project/chrc/qa
/ysm-gpfs/home/cm953/freesurfer/tktools/tksurfer.bin 600020364885 rh pial 
############################


############################
Wed Sep  6 10:20:27 EDT 2017
/ysm-gpfs/home/cm953/project/chrc/qa
/ysm-gpfs/home/cm953/freesurfer/tktools/tksurfer.bin 600020927179 lh pial 
############################
